<?xml version="1.0" encoding="UTF-8"?>
<testng-results skipped="0" failed="0" ignored="0" total="1" passed="1">
  <reporter-output>
  </reporter-output>
  <suite name="Default suite" duration-ms="7643" started-at="2022-06-26T12:48:35 CDT" finished-at="2022-06-26T12:48:43 CDT">
    <groups>
    </groups>
    <test name="Default test" duration-ms="7643" started-at="2022-06-26T12:48:35 CDT" finished-at="2022-06-26T12:48:43 CDT">
      <class name="test.LoginTest">
        <test-method status="PASS" signature="validUserShouldBeAbleToLogin()[pri:0, instance:test.LoginTest@3cd3e762]" name="validUserShouldBeAbleToLogin" duration-ms="7616" started-at="2022-06-26T12:48:35 CDT" finished-at="2022-06-26T12:48:43 CDT">
          <reporter-output>
          </reporter-output>
        </test-method> <!-- validUserShouldBeAbleToLogin -->
      </class> <!-- test.LoginTest -->
    </test> <!-- Default test -->
  </suite> <!-- Default suite -->
</testng-results>
